__build/firebase_core/intermediates/manifest_merge_blame_file/release/manifest-merger-blame-release-report.txt
1<?xml version="1.0" encoding="utf-8"?>
2<manifest xmlns:android="http://schemas.android.com/apk/res/android"
3    package="io.flutter.plugins.firebase.core" >
4
5    <uses-sdk android:minSdkVersion="16" />
5-->src\main\AndroidManifest.xml
6
7    <application>
7-->src\main\AndroidManifest.xml:3:5-8:19
8        <service android:name="com.google.firebase.components.ComponentDiscoveryService" >
8-->src\main\AndroidManifest.xml:4:5-7:15
8-->src\main\AndroidManifest.xml:4:14-85
9            <meta-data
9-->src\main\AndroidManifest.xml:5:9-6:88
10                android:name="com.google.firebase.components:io.flutter.plugins.firebase.core.FlutterFirebaseAppRegistrar"
10-->src\main\AndroidManifest.xml:5:20-126
11                android:value="com.google.firebase.components.ComponentRegistrar" />
11-->src\main\AndroidManifest.xml:6:20-85
12        </service>
13    </application>
14
15</manifest>